[debug] [2021-06-21T18:50:16.937Z] ----------------------------------------------------------------------
[debug] [2021-06-21T18:50:16.940Z] Command:       /usr/bin/node /usr/local/bin/firebase init
[debug] [2021-06-21T18:50:16.940Z] CLI Version:   9.12.1
[debug] [2021-06-21T18:50:16.941Z] Platform:      linux
[debug] [2021-06-21T18:50:16.941Z] Node Version:  v10.19.0
[debug] [2021-06-21T18:50:17.016Z] Time:          Mon Jun 21 2021 15:50:16 GMT-0300 (hora estándar de Argentina)
[debug] [2021-06-21T18:50:17.016Z] ----------------------------------------------------------------------
[debug] 
[debug] [2021-06-21T18:50:17.085Z] > command requires scopes: ["email","openid","https://www.googleapis.com/auth/cloudplatformprojects.readonly","https://www.googleapis.com/auth/firebase","https://www.googleapis.com/auth/cloud-platform"]
[debug] [2021-06-21T18:50:17.086Z] > authorizing via signed-in user (matiquiro.mq@gmail.com)
[info] 
     ######## #### ########  ######## ########     ###     ######  ########
     ##        ##  ##     ## ##       ##     ##  ##   ##  ##       ##
     ######    ##  ########  ######   ########  #########  ######  ######
     ##        ##  ##    ##  ##       ##     ## ##     ##       ## ##
     ##       #### ##     ## ######## ########  ##     ##  ######  ########

You're about to initialize a Firebase project in this directory:

  /home/matias/Desktop/Portfolio

Before we get started, keep in mind:

  * You are initializing in an existing Firebase project directory

